# JRE version: Java(TM) SE Runtime Environment (8.0_25-b18) (build 1.8.0_25-b18)
# Java VM: Java HotSpot(TM) 64-Bit Server VM (25.25-b02 mixed mode windows-amd64 compressed oops)
Heap:
 PSYoungGen      total 55808K, used 19079K [0x00000007bc400000, 0x00000007c0000000, 0x00000007c0000000)
  eden space 51200K, 29% used [0x00000007bc400000,0x00000007bd2a49a8,0x00000007bf600000)
  from space 4608K, 88% used [0x00000007bfb80000,0x00000007bff7d340,0x00000007c0000000)
  to   space 5120K, 0% used [0x00000007bf600000,0x00000007bf600000,0x00000007bfb00000)
 ParOldGen       total 178176K, used 103435K [0x0000000700000000, 0x000000070ae00000, 0x00000007bc400000)
  object space 178176K, 58% used [0x0000000700000000,0x0000000706502da0,0x000000070ae00000)
 Metaspace       used 73293K, capacity 73727K, committed 74368K, reserved 1112064K
  class space    used 10803K, capacity 10872K, committed 10880K, reserved 1048576K
GC Heap History (10 events):
Event: 7760.644 GC heap before
{Heap before GC invocations=594 (full 16):
 PSYoungGen      total 56320K, used 53996K [0x00000007bc400000, 0x00000007c0000000, 0x00000007c0000000)
  eden space 51200K, 100% used [0x00000007bc400000,0x00000007bf600000,0x00000007bf600000)
  from space 5120K, 54% used [0x00000007bf600000,0x00000007bf8bb318,0x00000007bfb00000)
  to   space 4608K, 0% used [0x00000007bfb80000,0x00000007bfb80000,0x00000007c0000000)
 ParOldGen       total 178176K, used 102979K [0x0000000700000000, 0x000000070ae00000, 0x00000007bc400000)
  object space 178176K, 57% used [0x0000000700000000,0x0000000706490da0,0x000000070ae00000)
 Metaspace       used 73279K, capacity 73727K, committed 74368K, reserved 1112064K
  class space    used 10803K, capacity 10872K, committed 10880K, reserved 1048576K
Event: 7760.648 GC heap after
Heap after GC invocations=594 (full 16):
 PSYoungGen      total 56832K, used 3007K [0x00000007bc400000, 0x00000007c0000000, 0x00000007c0000000)
  eden space 52224K, 0% used [0x00000007bc400000,0x00000007bc400000,0x00000007bf700000)
  from space 4608K, 65% used [0x00000007bfb80000,0x00000007bfe6fe58,0x00000007c0000000)
  to   space 4608K, 0% used [0x00000007bf700000,0x00000007bf700000,0x00000007bfb80000)
 ParOldGen       total 178176K, used 103107K [0x0000000700000000, 0x000000070ae00000, 0x00000007bc400000)
  object space 178176K, 57% used [0x0000000700000000,0x00000007064b0da0,0x000000070ae00000)
 Metaspace       used 73279K, capacity 73727K, committed 74368K, reserved 1112064K
  class space    used 10803K, capacity 10872K, committed 10880K, reserved 1048576K
}
Event: 7850.784 GC heap before
{Heap before GC invocations=595 (full 16):
 PSYoungGen      total 56832K, used 55231K [0x00000007bc400000, 0x00000007c0000000, 0x00000007c0000000)
  eden space 52224K, 100% used [0x00000007bc400000,0x00000007bf700000,0x00000007bf700000)
  from space 4608K, 65% used [0x00000007bfb80000,0x00000007bfe6fe58,0x00000007c0000000)
  to   space 4608K, 0% used [0x00000007bf700000,0x00000007bf700000,0x00000007bfb80000)
 ParOldGen       total 178176K, used 103107K [0x0000000700000000, 0x000000070ae00000, 0x00000007bc400000)
  object space 178176K, 57% used [0x0000000700000000,0x00000007064b0da0,0x000000070ae00000)
 Metaspace       used 73292K, capacity 73727K, committed 74368K, reserved 1112064K
  class space    used 10803K, capacity 10872K, committed 10880K, reserved 1048576K
Event: 7850.789 GC heap after
Heap after GC invocations=595 (full 16):
 PSYoungGen      total 56832K, used 3539K [0x00000007bc400000, 0x00000007c0000000, 0x00000007c0000000)
  eden space 52224K, 0% used [0x00000007bc400000,0x00000007bc400000,0x00000007bf700000)
  from space 4608K, 76% used [0x00000007bf700000,0x00000007bfa74fc0,0x00000007bfb80000)
  to   space 4608K, 0% used [0x00000007bfb80000,0x00000007bfb80000,0x00000007c0000000)
 ParOldGen       total 178176K, used 103179K [0x0000000700000000, 0x000000070ae00000, 0x00000007bc400000)
  object space 178176K, 57% used [0x0000000700000000,0x00000007064c2da0,0x000000070ae00000)
 Metaspace       used 73292K, capacity 73727K, committed 74368K, reserved 1112064K
  class space    used 10803K, capacity 10872K, committed 10880K, reserved 1048576K
}
Event: 7861.309 GC heap before
{Heap before GC invocations=596 (full 16):
 PSYoungGen      total 56832K, used 55763K [0x00000007bc400000, 0x00000007c0000000, 0x00000007c0000000)
  eden space 52224K, 100% used [0x00000007bc400000,0x00000007bf700000,0x00000007bf700000)
  from space 4608K, 76% used [0x00000007bf700000,0x00000007bfa74fc0,0x00000007bfb80000)
  to   space 4608K, 0% used [0x00000007bfb80000,0x00000007bfb80000,0x00000007c0000000)
 ParOldGen       total 178176K, used 103179K [0x0000000700000000, 0x000000070ae00000, 0x00000007bc400000)
  object space 178176K, 57% used [0x0000000700000000,0x00000007064c2da0,0x000000070ae00000)
 Metaspace       used 73292K, capacity 73727K, committed 74368K, reserved 1112064K
  class space    used 10803K, capacity 10872K, committed 10880K, reserved 1048576K
Event: 7861.312 GC heap after
Heap after GC invocations=596 (full 16):
 PSYoungGen      total 56832K, used 2716K [0x00000007bc400000, 0x00000007c0000000, 0x00000007c0000000)
  eden space 52224K, 0% used [0x00000007bc400000,0x00000007bc400000,0x00000007bf700000)
  from space 4608K, 58% used [0x00000007bfb80000,0x00000007bfe271d8,0x00000007c0000000)
  to   space 4608K, 0% used [0x00000007bf700000,0x00000007bf700000,0x00000007bfb80000)
 ParOldGen       total 178176K, used 103251K [0x0000000700000000, 0x000000070ae00000, 0x00000007bc400000)
  object space 178176K, 57% used [0x0000000700000000,0x00000007064d4da0,0x000000070ae00000)
 Metaspace       used 73292K, capacity 73727K, committed 74368K, reserved 1112064K
  class space    used 10803K, capacity 10872K, committed 10880K, reserved 1048576K
}
Event: 7871.557 GC heap before
{Heap before GC invocations=597 (full 16):
 PSYoungGen      total 56832K, used 54940K [0x00000007bc400000, 0x00000007c0000000, 0x00000007c0000000)
  eden space 52224K, 100% used [0x00000007bc400000,0x00000007bf700000,0x00000007bf700000)
  from space 4608K, 58% used [0x00000007bfb80000,0x00000007bfe271d8,0x00000007c0000000)
  to   space 4608K, 0% used [0x00000007bf700000,0x00000007bf700000,0x00000007bfb80000)
 ParOldGen       total 178176K, used 103251K [0x0000000700000000, 0x000000070ae00000, 0x00000007bc400000)
  object space 178176K, 57% used [0x0000000700000000,0x00000007064d4da0,0x000000070ae00000)
 Metaspace       used 73292K, capacity 73727K, committed 74368K, reserved 1112064K
  class space    used 10803K, capacity 10872K, committed 10880K, reserved 1048576K
Event: 7871.561 GC heap after
Heap after GC invocations=597 (full 16):
 PSYoungGen      total 56832K, used 3621K [0x00000007bc400000, 0x00000007c0000000, 0x00000007c0000000)
  eden space 52224K, 0% used [0x00000007bc400000,0x00000007bc400000,0x00000007bf700000)
  from space 4608K, 78% used [0x00000007bf700000,0x00000007bfa895b8,0x00000007bfb80000)
  to   space 4608K, 0% used [0x00000007bfb80000,0x00000007bfb80000,0x00000007c0000000)
 ParOldGen       total 178176K, used 103363K [0x0000000700000000, 0x000000070ae00000, 0x00000007bc400000)
  object space 178176K, 58% used [0x0000000700000000,0x00000007064f0da0,0x000000070ae00000)
 Metaspace       used 73292K, capacity 73727K, committed 74368K, reserved 1112064K
  class space    used 10803K, capacity 10872K, committed 10880K, reserved 1048576K
}
Event: 8009.638 GC heap before
{Heap before GC invocations=598 (full 16):
 PSYoungGen      total 56832K, used 55845K [0x00000007bc400000, 0x00000007c0000000, 0x00000007c0000000)
  eden space 52224K, 100% used [0x00000007bc400000,0x00000007bf700000,0x00000007bf700000)
  from space 4608K, 78% used [0x00000007bf700000,0x00000007bfa895b8,0x00000007bfb80000)
  to   space 4608K, 0% used [0x00000007bfb80000,0x00000007bfb80000,0x00000007c0000000)
 ParOldGen       total 178176K, used 103363K [0x0000000700000000, 0x000000070ae00000, 0x00000007bc400000)
  object space 178176K, 58% used [0x0000000700000000,0x00000007064f0da0,0x000000070ae00000)
 Metaspace       used 73292K, capacity 73727K, committed 74368K, reserved 1112064K
  class space    used 10803K, capacity 10872K, committed 10880K, reserved 1048576K
Event: 8009.644 GC heap after
Heap after GC invocations=598 (full 16):
 PSYoungGen      total 55808K, used 4084K [0x00000007bc400000, 0x00000007c0000000, 0x00000007c0000000)
  eden space 51200K, 0% used [0x00000007bc400000,0x00000007bc400000,0x00000007bf600000)
  from space 4608K, 88% used [0x00000007bfb80000,0x00000007bff7d340,0x00000007c0000000)
  to   space 5120K, 0% used [0x00000007bf600000,0x00000007bf600000,0x00000007bfb00000)
 ParOldGen       total 178176K, used 103435K [0x0000000700000000, 0x000000070ae00000, 0x00000007bc400000)
  object space 178176K, 58% used [0x0000000700000000,0x0000000706502da0,0x000000070ae00000)
 Metaspace       used 73292K, capacity 73727K, committed 74368K, reserved 1112064K
  class space    used 10803K, capacity 10872K, committed 10880K, reserved 1048576K
}

